{
  "/Users/surasak.peace/Desktop/peace-script-basic-v1 /backend/src/config/database.js": {
    "path": "/Users/surasak.peace/Desktop/peace-script-basic-v1 /backend/src/config/database.js",
    "statementMap": {
      "0": { "start": { "line": 1, "column": 17 }, "end": { "line": 1, "column": 36 } },
      "1": { "start": { "line": 3, "column": 18 }, "end": { "line": 17, "column": 1 } },
      "2": { "start": { "line": 4, "column": 2 }, "end": { "line": 16, "column": 3 } },
      "3": { "start": { "line": 5, "column": 17 }, "end": { "line": 8, "column": 6 } },
      "4": { "start": { "line": 10, "column": 4 }, "end": { "line": 10, "column": 64 } },
      "5": { "start": { "line": 11, "column": 4 }, "end": { "line": 11, "column": 55 } },
      "6": { "start": { "line": 13, "column": 4 }, "end": { "line": 13, "column": 66 } },
      "7": { "start": { "line": 15, "column": 4 }, "end": { "line": 15, "column": 32 } },
      "8": { "start": { "line": 19, "column": 0 }, "end": { "line": 19, "column": 27 } }
    },
    "fnMap": {
      "0": {
        "name": "(anonymous_0)",
        "decl": { "start": { "line": 3, "column": 18 }, "end": { "line": 3, "column": 19 } },
        "loc": { "start": { "line": 3, "column": 30 }, "end": { "line": 17, "column": 1 } },
        "line": 3
      }
    },
    "branchMap": {},
    "s": { "0": 1, "1": 1, "2": 1, "3": 1, "4": 0, "5": 0, "6": 1, "7": 1, "8": 1 },
    "f": { "0": 1 },
    "b": {},
    "_coverageSchema": "1a1c01bbd47fc00a2c39e90264f33305004495a9",
    "hash": "e3e82daf8d98fd0156f716d2d4cf5e80ccf8ca56"
  },
  "/Users/surasak.peace/Desktop/peace-script-basic-v1 /backend/src/controllers/authController.js": {
    "path": "/Users/surasak.peace/Desktop/peace-script-basic-v1 /backend/src/controllers/authController.js",
    "statementMap": {
      "0": { "start": { "line": 1, "column": 13 }, "end": { "line": 1, "column": 38 } },
      "1": { "start": { "line": 2, "column": 12 }, "end": { "line": 2, "column": 35 } },
      "2": { "start": { "line": 3, "column": 29 }, "end": { "line": 3, "column": 57 } },
      "3": { "start": { "line": 6, "column": 22 }, "end": { "line": 12, "column": 1 } },
      "4": { "start": { "line": 7, "column": 2 }, "end": { "line": 11, "column": 4 } },
      "5": { "start": { "line": 17, "column": 0 }, "end": { "line": 64, "column": 2 } },
      "6": { "start": { "line": 18, "column": 2 }, "end": { "line": 63, "column": 3 } },
      "7": { "start": { "line": 19, "column": 19 }, "end": { "line": 19, "column": 40 } },
      "8": { "start": { "line": 20, "column": 4 }, "end": { "line": 25, "column": 5 } },
      "9": { "start": { "line": 21, "column": 6 }, "end": { "line": 24, "column": 9 } },
      "10": { "start": { "line": 27, "column": 38 }, "end": { "line": 27, "column": 46 } },
      "11": { "start": { "line": 30, "column": 25 }, "end": { "line": 30, "column": 54 } },
      "12": { "start": { "line": 31, "column": 4 }, "end": { "line": 36, "column": 5 } },
      "13": { "start": { "line": 32, "column": 6 }, "end": { "line": 35, "column": 9 } },
      "14": { "start": { "line": 39, "column": 17 }, "end": { "line": 43, "column": 6 } },
      "15": { "start": { "line": 46, "column": 18 }, "end": { "line": 46, "column": 41 } },
      "16": { "start": { "line": 48, "column": 4 }, "end": { "line": 60, "column": 7 } },
      "17": { "start": { "line": 62, "column": 4 }, "end": { "line": 62, "column": 16 } },
      "18": { "start": { "line": 69, "column": 0 }, "end": { "line": 124, "column": 2 } },
      "19": { "start": { "line": 70, "column": 2 }, "end": { "line": 123, "column": 3 } },
      "20": { "start": { "line": 71, "column": 32 }, "end": { "line": 71, "column": 40 } },
      "21": { "start": { "line": 74, "column": 4 }, "end": { "line": 79, "column": 5 } },
      "22": { "start": { "line": 75, "column": 6 }, "end": { "line": 78, "column": 9 } },
      "23": { "start": { "line": 82, "column": 17 }, "end": { "line": 82, "column": 66 } },
      "24": { "start": { "line": 84, "column": 4 }, "end": { "line": 89, "column": 5 } },
      "25": { "start": { "line": 85, "column": 6 }, "end": { "line": 88, "column": 9 } },
      "26": { "start": { "line": 92, "column": 20 }, "end": { "line": 92, "column": 56 } },
      "27": { "start": { "line": 94, "column": 4 }, "end": { "line": 99, "column": 5 } },
      "28": { "start": { "line": 95, "column": 6 }, "end": { "line": 98, "column": 9 } },
      "29": { "start": { "line": 102, "column": 4 }, "end": { "line": 102, "column": 32 } },
      "30": { "start": { "line": 103, "column": 4 }, "end": { "line": 103, "column": 22 } },
      "31": { "start": { "line": 106, "column": 18 }, "end": { "line": 106, "column": 41 } },
      "32": { "start": { "line": 108, "column": 4 }, "end": { "line": 120, "column": 7 } },
      "33": { "start": { "line": 122, "column": 4 }, "end": { "line": 122, "column": 16 } },
      "34": { "start": { "line": 129, "column": 0 }, "end": { "line": 148, "column": 2 } },
      "35": { "start": { "line": 130, "column": 2 }, "end": { "line": 147, "column": 3 } },
      "36": { "start": { "line": 131, "column": 17 }, "end": { "line": 131, "column": 49 } },
      "37": { "start": { "line": 133, "column": 4 }, "end": { "line": 144, "column": 7 } },
      "38": { "start": { "line": 146, "column": 4 }, "end": { "line": 146, "column": 16 } }
    },
    "fnMap": {
      "0": {
        "name": "(anonymous_0)",
        "decl": { "start": { "line": 6, "column": 22 }, "end": { "line": 6, "column": 23 } },
        "loc": { "start": { "line": 6, "column": 34 }, "end": { "line": 12, "column": 1 } },
        "line": 6
      },
      "1": {
        "name": "(anonymous_1)",
        "decl": { "start": { "line": 17, "column": 19 }, "end": { "line": 17, "column": 20 } },
        "loc": { "start": { "line": 17, "column": 45 }, "end": { "line": 64, "column": 1 } },
        "line": 17
      },
      "2": {
        "name": "(anonymous_2)",
        "decl": { "start": { "line": 69, "column": 16 }, "end": { "line": 69, "column": 17 } },
        "loc": { "start": { "line": 69, "column": 42 }, "end": { "line": 124, "column": 1 } },
        "line": 69
      },
      "3": {
        "name": "(anonymous_3)",
        "decl": { "start": { "line": 129, "column": 16 }, "end": { "line": 129, "column": 17 } },
        "loc": { "start": { "line": 129, "column": 42 }, "end": { "line": 148, "column": 1 } },
        "line": 129
      }
    },
    "branchMap": {
      "0": {
        "loc": { "start": { "line": 10, "column": 17 }, "end": { "line": 10, "column": 47 } },
        "type": "binary-expr",
        "locations": [
          { "start": { "line": 10, "column": 17 }, "end": { "line": 10, "column": 39 } },
          { "start": { "line": 10, "column": 43 }, "end": { "line": 10, "column": 47 } }
        ],
        "line": 10
      },
      "1": {
        "loc": { "start": { "line": 20, "column": 4 }, "end": { "line": 25, "column": 5 } },
        "type": "if",
        "locations": [
          { "start": { "line": 20, "column": 4 }, "end": { "line": 25, "column": 5 } },
          { "start": {}, "end": {} }
        ],
        "line": 20
      },
      "2": {
        "loc": { "start": { "line": 31, "column": 4 }, "end": { "line": 36, "column": 5 } },
        "type": "if",
        "locations": [
          { "start": { "line": 31, "column": 4 }, "end": { "line": 36, "column": 5 } },
          { "start": {}, "end": {} }
        ],
        "line": 31
      },
      "3": {
        "loc": { "start": { "line": 74, "column": 4 }, "end": { "line": 79, "column": 5 } },
        "type": "if",
        "locations": [
          { "start": { "line": 74, "column": 4 }, "end": { "line": 79, "column": 5 } },
          { "start": {}, "end": {} }
        ],
        "line": 74
      },
      "4": {
        "loc": { "start": { "line": 74, "column": 8 }, "end": { "line": 74, "column": 27 } },
        "type": "binary-expr",
        "locations": [
          { "start": { "line": 74, "column": 8 }, "end": { "line": 74, "column": 14 } },
          { "start": { "line": 74, "column": 18 }, "end": { "line": 74, "column": 27 } }
        ],
        "line": 74
      },
      "5": {
        "loc": { "start": { "line": 84, "column": 4 }, "end": { "line": 89, "column": 5 } },
        "type": "if",
        "locations": [
          { "start": { "line": 84, "column": 4 }, "end": { "line": 89, "column": 5 } },
          { "start": {}, "end": {} }
        ],
        "line": 84
      },
      "6": {
        "loc": { "start": { "line": 94, "column": 4 }, "end": { "line": 99, "column": 5 } },
        "type": "if",
        "locations": [
          { "start": { "line": 94, "column": 4 }, "end": { "line": 99, "column": 5 } },
          { "start": {}, "end": {} }
        ],
        "line": 94
      }
    },
    "s": {
      "0": 1,
      "1": 1,
      "2": 1,
      "3": 1,
      "4": 2,
      "5": 1,
      "6": 2,
      "7": 2,
      "8": 2,
      "9": 1,
      "10": 1,
      "11": 1,
      "12": 1,
      "13": 0,
      "14": 1,
      "15": 1,
      "16": 0,
      "17": 1,
      "18": 1,
      "19": 2,
      "20": 2,
      "21": 2,
      "22": 0,
      "23": 2,
      "24": 2,
      "25": 0,
      "26": 2,
      "27": 2,
      "28": 1,
      "29": 1,
      "30": 1,
      "31": 1,
      "32": 0,
      "33": 1,
      "34": 1,
      "35": 0,
      "36": 0,
      "37": 0,
      "38": 0
    },
    "f": { "0": 2, "1": 2, "2": 2, "3": 0 },
    "b": {
      "0": [2, 2],
      "1": [1, 1],
      "2": [0, 1],
      "3": [0, 2],
      "4": [2, 2],
      "5": [0, 2],
      "6": [1, 1]
    },
    "_coverageSchema": "1a1c01bbd47fc00a2c39e90264f33305004495a9",
    "hash": "6ee417df4ccbbb5599c126a0bc75fc4a0ee0cbf5"
  },
  "/Users/surasak.peace/Desktop/peace-script-basic-v1 /backend/src/controllers/projectController.js": {
    "path": "/Users/surasak.peace/Desktop/peace-script-basic-v1 /backend/src/controllers/projectController.js",
    "statementMap": {
      "0": { "start": { "line": 1, "column": 16 }, "end": { "line": 1, "column": 44 } },
      "1": { "start": { "line": 6, "column": 0 }, "end": { "line": 26, "column": 2 } },
      "2": { "start": { "line": 7, "column": 2 }, "end": { "line": 25, "column": 3 } },
      "3": { "start": { "line": 8, "column": 21 }, "end": { "line": 16, "column": 31 } },
      "4": { "start": { "line": 18, "column": 4 }, "end": { "line": 22, "column": 7 } },
      "5": { "start": { "line": 24, "column": 4 }, "end": { "line": 24, "column": 16 } },
      "6": { "start": { "line": 31, "column": 0 }, "end": { "line": 62, "column": 2 } },
      "7": { "start": { "line": 32, "column": 2 }, "end": { "line": 61, "column": 3 } },
      "8": { "start": { "line": 33, "column": 20 }, "end": { "line": 35, "column": 51 } },
      "9": { "start": { "line": 37, "column": 4 }, "end": { "line": 42, "column": 5 } },
      "10": { "start": { "line": 38, "column": 6 }, "end": { "line": 41, "column": 9 } },
      "11": { "start": { "line": 45, "column": 22 }, "end": { "line": 46, "column": 76 } },
      "12": { "start": { "line": 46, "column": 38 }, "end": { "line": 46, "column": 75 } },
      "13": { "start": { "line": 48, "column": 4 }, "end": { "line": 53, "column": 5 } },
      "14": { "start": { "line": 49, "column": 6 }, "end": { "line": 52, "column": 9 } },
      "15": { "start": { "line": 55, "column": 4 }, "end": { "line": 58, "column": 7 } },
      "16": { "start": { "line": 60, "column": 4 }, "end": { "line": 60, "column": 16 } },
      "17": { "start": { "line": 67, "column": 0 }, "end": { "line": 87, "column": 2 } },
      "18": { "start": { "line": 68, "column": 2 }, "end": { "line": 86, "column": 3 } },
      "19": { "start": { "line": 69, "column": 40 }, "end": { "line": 69, "column": 48 } },
      "20": { "start": { "line": 71, "column": 20 }, "end": { "line": 77, "column": 6 } },
      "21": { "start": { "line": 79, "column": 4 }, "end": { "line": 83, "column": 7 } },
      "22": { "start": { "line": 85, "column": 4 }, "end": { "line": 85, "column": 16 } },
      "23": { "start": { "line": 92, "column": 0 }, "end": { "line": 138, "column": 2 } },
      "24": { "start": { "line": 93, "column": 2 }, "end": { "line": 137, "column": 3 } },
      "25": { "start": { "line": 94, "column": 18 }, "end": { "line": 94, "column": 55 } },
      "26": { "start": { "line": 96, "column": 4 }, "end": { "line": 101, "column": 5 } },
      "27": { "start": { "line": 97, "column": 6 }, "end": { "line": 100, "column": 9 } },
      "28": { "start": { "line": 104, "column": 20 }, "end": { "line": 104, "column": 60 } },
      "29": { "start": { "line": 105, "column": 26 }, "end": { "line": 107, "column": 5 } },
      "30": { "start": { "line": 106, "column": 11 }, "end": { "line": 106, "column": 67 } },
      "31": { "start": { "line": 109, "column": 4 }, "end": { "line": 114, "column": 5 } },
      "32": { "start": { "line": 110, "column": 6 }, "end": { "line": 113, "column": 9 } },
      "33": { "start": { "line": 117, "column": 48 }, "end": { "line": 117, "column": 56 } },
      "34": { "start": { "line": 119, "column": 4 }, "end": { "line": 119, "column": 34 } },
      "35": { "start": { "line": 119, "column": 14 }, "end": { "line": 119, "column": 34 } },
      "36": { "start": { "line": 120, "column": 4 }, "end": { "line": 120, "column": 34 } },
      "37": { "start": { "line": 120, "column": 14 }, "end": { "line": 120, "column": 34 } },
      "38": { "start": { "line": 121, "column": 4 }, "end": { "line": 121, "column": 37 } },
      "39": { "start": { "line": 121, "column": 15 }, "end": { "line": 121, "column": 37 } },
      "40": { "start": { "line": 122, "column": 4 }, "end": { "line": 122, "column": 34 } },
      "41": { "start": { "line": 122, "column": 14 }, "end": { "line": 122, "column": 34 } },
      "42": { "start": { "line": 123, "column": 4 }, "end": { "line": 123, "column": 40 } },
      "43": { "start": { "line": 123, "column": 16 }, "end": { "line": 123, "column": 40 } },
      "44": { "start": { "line": 125, "column": 4 }, "end": { "line": 125, "column": 38 } },
      "45": { "start": { "line": 126, "column": 4 }, "end": { "line": 126, "column": 25 } },
      "46": { "start": { "line": 128, "column": 4 }, "end": { "line": 128, "column": 25 } },
      "47": { "start": { "line": 130, "column": 4 }, "end": { "line": 134, "column": 7 } },
      "48": { "start": { "line": 136, "column": 4 }, "end": { "line": 136, "column": 16 } },
      "49": { "start": { "line": 143, "column": 0 }, "end": { "line": 171, "column": 2 } },
      "50": { "start": { "line": 144, "column": 2 }, "end": { "line": 170, "column": 3 } },
      "51": { "start": { "line": 145, "column": 20 }, "end": { "line": 145, "column": 57 } },
      "52": { "start": { "line": 147, "column": 4 }, "end": { "line": 152, "column": 5 } },
      "53": { "start": { "line": 148, "column": 6 }, "end": { "line": 151, "column": 9 } },
      "54": { "start": { "line": 155, "column": 4 }, "end": { "line": 160, "column": 5 } },
      "55": { "start": { "line": 156, "column": 6 }, "end": { "line": 159, "column": 9 } },
      "56": { "start": { "line": 162, "column": 4 }, "end": { "line": 162, "column": 30 } },
      "57": { "start": { "line": 164, "column": 4 }, "end": { "line": 167, "column": 7 } },
      "58": { "start": { "line": 169, "column": 4 }, "end": { "line": 169, "column": 16 } }
    },
    "fnMap": {
      "0": {
        "name": "(anonymous_0)",
        "decl": { "start": { "line": 6, "column": 22 }, "end": { "line": 6, "column": 23 } },
        "loc": { "start": { "line": 6, "column": 48 }, "end": { "line": 26, "column": 1 } },
        "line": 6
      },
      "1": {
        "name": "(anonymous_1)",
        "decl": { "start": { "line": 31, "column": 21 }, "end": { "line": 31, "column": 22 } },
        "loc": { "start": { "line": 31, "column": 47 }, "end": { "line": 62, "column": 1 } },
        "line": 31
      },
      "2": {
        "name": "(anonymous_2)",
        "decl": { "start": { "line": 46, "column": 33 }, "end": { "line": 46, "column": 34 } },
        "loc": { "start": { "line": 46, "column": 38 }, "end": { "line": 46, "column": 75 } },
        "line": 46
      },
      "3": {
        "name": "(anonymous_3)",
        "decl": { "start": { "line": 67, "column": 24 }, "end": { "line": 67, "column": 25 } },
        "loc": { "start": { "line": 67, "column": 50 }, "end": { "line": 87, "column": 1 } },
        "line": 67
      },
      "4": {
        "name": "(anonymous_4)",
        "decl": { "start": { "line": 92, "column": 24 }, "end": { "line": 92, "column": 25 } },
        "loc": { "start": { "line": 92, "column": 50 }, "end": { "line": 138, "column": 1 } },
        "line": 92
      },
      "5": {
        "name": "(anonymous_5)",
        "decl": { "start": { "line": 106, "column": 6 }, "end": { "line": 106, "column": 7 } },
        "loc": { "start": { "line": 106, "column": 11 }, "end": { "line": 106, "column": 67 } },
        "line": 106
      },
      "6": {
        "name": "(anonymous_6)",
        "decl": { "start": { "line": 143, "column": 24 }, "end": { "line": 143, "column": 25 } },
        "loc": { "start": { "line": 143, "column": 50 }, "end": { "line": 171, "column": 1 } },
        "line": 143
      }
    },
    "branchMap": {
      "0": {
        "loc": { "start": { "line": 37, "column": 4 }, "end": { "line": 42, "column": 5 } },
        "type": "if",
        "locations": [
          { "start": { "line": 37, "column": 4 }, "end": { "line": 42, "column": 5 } },
          { "start": {}, "end": {} }
        ],
        "line": 37
      },
      "1": {
        "loc": { "start": { "line": 45, "column": 22 }, "end": { "line": 46, "column": 76 } },
        "type": "binary-expr",
        "locations": [
          { "start": { "line": 45, "column": 22 }, "end": { "line": 45, "column": 66 } },
          { "start": { "line": 46, "column": 6 }, "end": { "line": 46, "column": 76 } }
        ],
        "line": 45
      },
      "2": {
        "loc": { "start": { "line": 48, "column": 4 }, "end": { "line": 53, "column": 5 } },
        "type": "if",
        "locations": [
          { "start": { "line": 48, "column": 4 }, "end": { "line": 53, "column": 5 } },
          { "start": {}, "end": {} }
        ],
        "line": 48
      },
      "3": {
        "loc": { "start": { "line": 96, "column": 4 }, "end": { "line": 101, "column": 5 } },
        "type": "if",
        "locations": [
          { "start": { "line": 96, "column": 4 }, "end": { "line": 101, "column": 5 } },
          { "start": {}, "end": {} }
        ],
        "line": 96
      },
      "4": {
        "loc": { "start": { "line": 106, "column": 11 }, "end": { "line": 106, "column": 67 } },
        "type": "binary-expr",
        "locations": [
          { "start": { "line": 106, "column": 11 }, "end": { "line": 106, "column": 44 } },
          { "start": { "line": 106, "column": 48 }, "end": { "line": 106, "column": 67 } }
        ],
        "line": 106
      },
      "5": {
        "loc": { "start": { "line": 109, "column": 4 }, "end": { "line": 114, "column": 5 } },
        "type": "if",
        "locations": [
          { "start": { "line": 109, "column": 4 }, "end": { "line": 114, "column": 5 } },
          { "start": {}, "end": {} }
        ],
        "line": 109
      },
      "6": {
        "loc": { "start": { "line": 109, "column": 8 }, "end": { "line": 109, "column": 34 } },
        "type": "binary-expr",
        "locations": [
          { "start": { "line": 109, "column": 8 }, "end": { "line": 109, "column": 16 } },
          { "start": { "line": 109, "column": 20 }, "end": { "line": 109, "column": 34 } }
        ],
        "line": 109
      },
      "7": {
        "loc": { "start": { "line": 119, "column": 4 }, "end": { "line": 119, "column": 34 } },
        "type": "if",
        "locations": [
          { "start": { "line": 119, "column": 4 }, "end": { "line": 119, "column": 34 } },
          { "start": {}, "end": {} }
        ],
        "line": 119
      },
      "8": {
        "loc": { "start": { "line": 120, "column": 4 }, "end": { "line": 120, "column": 34 } },
        "type": "if",
        "locations": [
          { "start": { "line": 120, "column": 4 }, "end": { "line": 120, "column": 34 } },
          { "start": {}, "end": {} }
        ],
        "line": 120
      },
      "9": {
        "loc": { "start": { "line": 121, "column": 4 }, "end": { "line": 121, "column": 37 } },
        "type": "if",
        "locations": [
          { "start": { "line": 121, "column": 4 }, "end": { "line": 121, "column": 37 } },
          { "start": {}, "end": {} }
        ],
        "line": 121
      },
      "10": {
        "loc": { "start": { "line": 122, "column": 4 }, "end": { "line": 122, "column": 34 } },
        "type": "if",
        "locations": [
          { "start": { "line": 122, "column": 4 }, "end": { "line": 122, "column": 34 } },
          { "start": {}, "end": {} }
        ],
        "line": 122
      },
      "11": {
        "loc": { "start": { "line": 123, "column": 4 }, "end": { "line": 123, "column": 40 } },
        "type": "if",
        "locations": [
          { "start": { "line": 123, "column": 4 }, "end": { "line": 123, "column": 40 } },
          { "start": {}, "end": {} }
        ],
        "line": 123
      },
      "12": {
        "loc": { "start": { "line": 147, "column": 4 }, "end": { "line": 152, "column": 5 } },
        "type": "if",
        "locations": [
          { "start": { "line": 147, "column": 4 }, "end": { "line": 152, "column": 5 } },
          { "start": {}, "end": {} }
        ],
        "line": 147
      },
      "13": {
        "loc": { "start": { "line": 155, "column": 4 }, "end": { "line": 160, "column": 5 } },
        "type": "if",
        "locations": [
          { "start": { "line": 155, "column": 4 }, "end": { "line": 160, "column": 5 } },
          { "start": {}, "end": {} }
        ],
        "line": 155
      }
    },
    "s": {
      "0": 1,
      "1": 1,
      "2": 0,
      "3": 0,
      "4": 0,
      "5": 0,
      "6": 1,
      "7": 0,
      "8": 0,
      "9": 0,
      "10": 0,
      "11": 0,
      "12": 0,
      "13": 0,
      "14": 0,
      "15": 0,
      "16": 0,
      "17": 1,
      "18": 0,
      "19": 0,
      "20": 0,
      "21": 0,
      "22": 0,
      "23": 1,
      "24": 0,
      "25": 0,
      "26": 0,
      "27": 0,
      "28": 0,
      "29": 0,
      "30": 0,
      "31": 0,
      "32": 0,
      "33": 0,
      "34": 0,
      "35": 0,
      "36": 0,
      "37": 0,
      "38": 0,
      "39": 0,
      "40": 0,
      "41": 0,
      "42": 0,
      "43": 0,
      "44": 0,
      "45": 0,
      "46": 0,
      "47": 0,
      "48": 0,
      "49": 1,
      "50": 0,
      "51": 0,
      "52": 0,
      "53": 0,
      "54": 0,
      "55": 0,
      "56": 0,
      "57": 0,
      "58": 0
    },
    "f": { "0": 0, "1": 0, "2": 0, "3": 0, "4": 0, "5": 0, "6": 0 },
    "b": {
      "0": [0, 0],
      "1": [0, 0],
      "2": [0, 0],
      "3": [0, 0],
      "4": [0, 0],
      "5": [0, 0],
      "6": [0, 0],
      "7": [0, 0],
      "8": [0, 0],
      "9": [0, 0],
      "10": [0, 0],
      "11": [0, 0],
      "12": [0, 0],
      "13": [0, 0]
    },
    "_coverageSchema": "1a1c01bbd47fc00a2c39e90264f33305004495a9",
    "hash": "d297eeb1a1fc5eaf402dac13eccd97ad8a8cf9d6"
  },
  "/Users/surasak.peace/Desktop/peace-script-basic-v1 /backend/src/middleware/auth.js": {
    "path": "/Users/surasak.peace/Desktop/peace-script-basic-v1 /backend/src/middleware/auth.js",
    "statementMap": {
      "0": { "start": { "line": 1, "column": 12 }, "end": { "line": 1, "column": 35 } },
      "1": { "start": { "line": 2, "column": 13 }, "end": { "line": 2, "column": 38 } },
      "2": { "start": { "line": 4, "column": 13 }, "end": { "line": 39, "column": 1 } },
      "3": { "start": { "line": 5, "column": 2 }, "end": { "line": 38, "column": 3 } },
      "4": { "start": { "line": 7, "column": 18 }, "end": { "line": 7, "column": 69 } },
      "5": { "start": { "line": 9, "column": 4 }, "end": { "line": 14, "column": 5 } },
      "6": { "start": { "line": 10, "column": 6 }, "end": { "line": 13, "column": 9 } },
      "7": { "start": { "line": 17, "column": 20 }, "end": { "line": 17, "column": 61 } },
      "8": { "start": { "line": 20, "column": 17 }, "end": { "line": 20, "column": 68 } },
      "9": { "start": { "line": 22, "column": 4 }, "end": { "line": 27, "column": 5 } },
      "10": { "start": { "line": 23, "column": 6 }, "end": { "line": 26, "column": 9 } },
      "11": { "start": { "line": 30, "column": 4 }, "end": { "line": 30, "column": 20 } },
      "12": { "start": { "line": 31, "column": 4 }, "end": { "line": 31, "column": 11 } },
      "13": { "start": { "line": 33, "column": 4 }, "end": { "line": 33, "column": 51 } },
      "14": { "start": { "line": 34, "column": 4 }, "end": { "line": 37, "column": 7 } },
      "15": { "start": { "line": 41, "column": 0 }, "end": { "line": 41, "column": 22 } }
    },
    "fnMap": {
      "0": {
        "name": "(anonymous_0)",
        "decl": { "start": { "line": 4, "column": 13 }, "end": { "line": 4, "column": 14 } },
        "loc": { "start": { "line": 4, "column": 39 }, "end": { "line": 39, "column": 1 } },
        "line": 4
      }
    },
    "branchMap": {
      "0": {
        "loc": { "start": { "line": 9, "column": 4 }, "end": { "line": 14, "column": 5 } },
        "type": "if",
        "locations": [
          { "start": { "line": 9, "column": 4 }, "end": { "line": 14, "column": 5 } },
          { "start": {}, "end": {} }
        ],
        "line": 9
      },
      "1": {
        "loc": { "start": { "line": 22, "column": 4 }, "end": { "line": 27, "column": 5 } },
        "type": "if",
        "locations": [
          { "start": { "line": 22, "column": 4 }, "end": { "line": 27, "column": 5 } },
          { "start": {}, "end": {} }
        ],
        "line": 22
      },
      "2": {
        "loc": { "start": { "line": 22, "column": 8 }, "end": { "line": 22, "column": 31 } },
        "type": "binary-expr",
        "locations": [
          { "start": { "line": 22, "column": 8 }, "end": { "line": 22, "column": 13 } },
          { "start": { "line": 22, "column": 17 }, "end": { "line": 22, "column": 31 } }
        ],
        "line": 22
      }
    },
    "s": {
      "0": 1,
      "1": 1,
      "2": 1,
      "3": 0,
      "4": 0,
      "5": 0,
      "6": 0,
      "7": 0,
      "8": 0,
      "9": 0,
      "10": 0,
      "11": 0,
      "12": 0,
      "13": 0,
      "14": 0,
      "15": 1
    },
    "f": { "0": 0 },
    "b": { "0": [0, 0], "1": [0, 0], "2": [0, 0] },
    "_coverageSchema": "1a1c01bbd47fc00a2c39e90264f33305004495a9",
    "hash": "70b6b0fb6818461abbc996a4a57f2db052b53c89"
  },
  "/Users/surasak.peace/Desktop/peace-script-basic-v1 /backend/src/middleware/errorHandler.js": {
    "path": "/Users/surasak.peace/Desktop/peace-script-basic-v1 /backend/src/middleware/errorHandler.js",
    "statementMap": {
      "0": { "start": { "line": 1, "column": 21 }, "end": { "line": 44, "column": 1 } },
      "1": { "start": { "line": 2, "column": 2 }, "end": { "line": 2, "column": 31 } },
      "2": { "start": { "line": 5, "column": 2 }, "end": { "line": 12, "column": 3 } },
      "3": { "start": { "line": 6, "column": 21 }, "end": { "line": 6, "column": 66 } },
      "4": { "start": { "line": 6, "column": 56 }, "end": { "line": 6, "column": 65 } },
      "5": { "start": { "line": 7, "column": 4 }, "end": { "line": 11, "column": 7 } },
      "6": { "start": { "line": 15, "column": 2 }, "end": { "line": 21, "column": 3 } },
      "7": { "start": { "line": 16, "column": 18 }, "end": { "line": 16, "column": 46 } },
      "8": { "start": { "line": 17, "column": 4 }, "end": { "line": 20, "column": 7 } },
      "9": { "start": { "line": 24, "column": 2 }, "end": { "line": 29, "column": 3 } },
      "10": { "start": { "line": 25, "column": 4 }, "end": { "line": 28, "column": 7 } },
      "11": { "start": { "line": 31, "column": 2 }, "end": { "line": 36, "column": 3 } },
      "12": { "start": { "line": 32, "column": 4 }, "end": { "line": 35, "column": 7 } },
      "13": { "start": { "line": 39, "column": 2 }, "end": { "line": 43, "column": 5 } },
      "14": { "start": { "line": 46, "column": 0 }, "end": { "line": 46, "column": 30 } }
    },
    "fnMap": {
      "0": {
        "name": "(anonymous_0)",
        "decl": { "start": { "line": 1, "column": 21 }, "end": { "line": 1, "column": 22 } },
        "loc": { "start": { "line": 1, "column": 46 }, "end": { "line": 44, "column": 1 } },
        "line": 1
      },
      "1": {
        "name": "(anonymous_1)",
        "decl": { "start": { "line": 6, "column": 51 }, "end": { "line": 6, "column": 52 } },
        "loc": { "start": { "line": 6, "column": 56 }, "end": { "line": 6, "column": 65 } },
        "line": 6
      }
    },
    "branchMap": {
      "0": {
        "loc": { "start": { "line": 5, "column": 2 }, "end": { "line": 12, "column": 3 } },
        "type": "if",
        "locations": [
          { "start": { "line": 5, "column": 2 }, "end": { "line": 12, "column": 3 } },
          { "start": {}, "end": {} }
        ],
        "line": 5
      },
      "1": {
        "loc": { "start": { "line": 15, "column": 2 }, "end": { "line": 21, "column": 3 } },
        "type": "if",
        "locations": [
          { "start": { "line": 15, "column": 2 }, "end": { "line": 21, "column": 3 } },
          { "start": {}, "end": {} }
        ],
        "line": 15
      },
      "2": {
        "loc": { "start": { "line": 24, "column": 2 }, "end": { "line": 29, "column": 3 } },
        "type": "if",
        "locations": [
          { "start": { "line": 24, "column": 2 }, "end": { "line": 29, "column": 3 } },
          { "start": {}, "end": {} }
        ],
        "line": 24
      },
      "3": {
        "loc": { "start": { "line": 31, "column": 2 }, "end": { "line": 36, "column": 3 } },
        "type": "if",
        "locations": [
          { "start": { "line": 31, "column": 2 }, "end": { "line": 36, "column": 3 } },
          { "start": {}, "end": {} }
        ],
        "line": 31
      },
      "4": {
        "loc": { "start": { "line": 39, "column": 13 }, "end": { "line": 39, "column": 34 } },
        "type": "binary-expr",
        "locations": [
          { "start": { "line": 39, "column": 13 }, "end": { "line": 39, "column": 27 } },
          { "start": { "line": 39, "column": 31 }, "end": { "line": 39, "column": 34 } }
        ],
        "line": 39
      },
      "5": {
        "loc": { "start": { "line": 41, "column": 13 }, "end": { "line": 41, "column": 42 } },
        "type": "binary-expr",
        "locations": [
          { "start": { "line": 41, "column": 13 }, "end": { "line": 41, "column": 24 } },
          { "start": { "line": 41, "column": 28 }, "end": { "line": 41, "column": 42 } }
        ],
        "line": 41
      },
      "6": {
        "loc": { "start": { "line": 42, "column": 8 }, "end": { "line": 42, "column": 70 } },
        "type": "binary-expr",
        "locations": [
          { "start": { "line": 42, "column": 8 }, "end": { "line": 42, "column": 46 } },
          { "start": { "line": 42, "column": 50 }, "end": { "line": 42, "column": 70 } }
        ],
        "line": 42
      }
    },
    "s": {
      "0": 1,
      "1": 2,
      "2": 2,
      "3": 0,
      "4": 0,
      "5": 0,
      "6": 2,
      "7": 0,
      "8": 0,
      "9": 2,
      "10": 0,
      "11": 2,
      "12": 0,
      "13": 2,
      "14": 1
    },
    "f": { "0": 2, "1": 0 },
    "b": {
      "0": [0, 2],
      "1": [0, 2],
      "2": [0, 2],
      "3": [0, 2],
      "4": [2, 2],
      "5": [2, 0],
      "6": [2, 0]
    },
    "_coverageSchema": "1a1c01bbd47fc00a2c39e90264f33305004495a9",
    "hash": "804bdc4b01b3e4c61be7f99ff96fffd7942be94d"
  },
  "/Users/surasak.peace/Desktop/peace-script-basic-v1 /backend/src/models/Project.js": {
    "path": "/Users/surasak.peace/Desktop/peace-script-basic-v1 /backend/src/models/Project.js",
    "statementMap": {
      "0": { "start": { "line": 1, "column": 17 }, "end": { "line": 1, "column": 36 } },
      "1": { "start": { "line": 3, "column": 22 }, "end": { "line": 50, "column": 2 } },
      "2": { "start": { "line": 53, "column": 0 }, "end": { "line": 53, "column": 49 } },
      "3": { "start": { "line": 54, "column": 0 }, "end": { "line": 54, "column": 49 } },
      "4": { "start": { "line": 56, "column": 0 }, "end": { "line": 56, "column": 58 } }
    },
    "fnMap": {},
    "branchMap": {},
    "s": { "0": 1, "1": 1, "2": 1, "3": 1, "4": 1 },
    "f": {},
    "b": {},
    "_coverageSchema": "1a1c01bbd47fc00a2c39e90264f33305004495a9",
    "hash": "5edd722ab63ed28f3db224d00ca3a5688d7fb584"
  },
  "/Users/surasak.peace/Desktop/peace-script-basic-v1 /backend/src/models/User.js": {
    "path": "/Users/surasak.peace/Desktop/peace-script-basic-v1 /backend/src/models/User.js",
    "statementMap": {
      "0": { "start": { "line": 1, "column": 17 }, "end": { "line": 1, "column": 36 } },
      "1": { "start": { "line": 2, "column": 15 }, "end": { "line": 2, "column": 34 } },
      "2": { "start": { "line": 4, "column": 19 }, "end": { "line": 37, "column": 2 } },
      "3": { "start": { "line": 40, "column": 0 }, "end": { "line": 46, "column": 3 } },
      "4": { "start": { "line": 41, "column": 2 }, "end": { "line": 41, "column": 50 } },
      "5": { "start": { "line": 41, "column": 36 }, "end": { "line": 41, "column": 50 } },
      "6": { "start": { "line": 43, "column": 15 }, "end": { "line": 43, "column": 39 } },
      "7": { "start": { "line": 44, "column": 2 }, "end": { "line": 44, "column": 57 } },
      "8": { "start": { "line": 45, "column": 2 }, "end": { "line": 45, "column": 9 } },
      "9": { "start": { "line": 49, "column": 0 }, "end": { "line": 51, "column": 2 } },
      "10": { "start": { "line": 50, "column": 2 }, "end": { "line": 50, "column": 64 } },
      "11": { "start": { "line": 53, "column": 0 }, "end": { "line": 53, "column": 52 } }
    },
    "fnMap": {
      "0": {
        "name": "(anonymous_0)",
        "decl": { "start": { "line": 40, "column": 23 }, "end": { "line": 40, "column": 24 } },
        "loc": { "start": { "line": 40, "column": 44 }, "end": { "line": 46, "column": 1 } },
        "line": 40
      },
      "1": {
        "name": "(anonymous_1)",
        "decl": { "start": { "line": 49, "column": 37 }, "end": { "line": 49, "column": 38 } },
        "loc": { "start": { "line": 49, "column": 71 }, "end": { "line": 51, "column": 1 } },
        "line": 49
      }
    },
    "branchMap": {
      "0": {
        "loc": { "start": { "line": 41, "column": 2 }, "end": { "line": 41, "column": 50 } },
        "type": "if",
        "locations": [
          { "start": { "line": 41, "column": 2 }, "end": { "line": 41, "column": 50 } },
          { "start": {}, "end": {} }
        ],
        "line": 41
      }
    },
    "s": {
      "0": 1,
      "1": 1,
      "2": 1,
      "3": 1,
      "4": 2,
      "5": 1,
      "6": 1,
      "7": 1,
      "8": 1,
      "9": 1,
      "10": 2,
      "11": 1
    },
    "f": { "0": 2, "1": 2 },
    "b": { "0": [1, 1] },
    "_coverageSchema": "1a1c01bbd47fc00a2c39e90264f33305004495a9",
    "hash": "6ac7c3109f11b623bc56312b4f05365a7967f02e"
  },
  "/Users/surasak.peace/Desktop/peace-script-basic-v1 /backend/src/routes/auth.js": {
    "path": "/Users/surasak.peace/Desktop/peace-script-basic-v1 /backend/src/routes/auth.js",
    "statementMap": {
      "0": { "start": { "line": 1, "column": 16 }, "end": { "line": 1, "column": 34 } },
      "1": { "start": { "line": 2, "column": 15 }, "end": { "line": 2, "column": 31 } },
      "2": { "start": { "line": 3, "column": 17 }, "end": { "line": 3, "column": 45 } },
      "3": { "start": { "line": 4, "column": 35 }, "end": { "line": 4, "column": 75 } },
      "4": { "start": { "line": 5, "column": 13 }, "end": { "line": 5, "column": 42 } },
      "5": { "start": { "line": 8, "column": 0 }, "end": { "line": 12, "column": 13 } },
      "6": { "start": { "line": 15, "column": 0 }, "end": { "line": 15, "column": 29 } },
      "7": { "start": { "line": 18, "column": 0 }, "end": { "line": 18, "column": 31 } },
      "8": { "start": { "line": 20, "column": 0 }, "end": { "line": 20, "column": 24 } }
    },
    "fnMap": {},
    "branchMap": {},
    "s": { "0": 1, "1": 1, "2": 1, "3": 1, "4": 1, "5": 1, "6": 1, "7": 1, "8": 1 },
    "f": {},
    "b": {},
    "_coverageSchema": "1a1c01bbd47fc00a2c39e90264f33305004495a9",
    "hash": "ea2eb4b1830ee93424a2800bf4d26db9d3296460"
  },
  "/Users/surasak.peace/Desktop/peace-script-basic-v1 /backend/src/routes/projects.js": {
    "path": "/Users/surasak.peace/Desktop/peace-script-basic-v1 /backend/src/routes/projects.js",
    "statementMap": {
      "0": { "start": { "line": 1, "column": 16 }, "end": { "line": 1, "column": 34 } },
      "1": { "start": { "line": 2, "column": 15 }, "end": { "line": 2, "column": 31 } },
      "2": { "start": { "line": 9, "column": 4 }, "end": { "line": 9, "column": 47 } },
      "3": { "start": { "line": 10, "column": 13 }, "end": { "line": 10, "column": 42 } },
      "4": { "start": { "line": 13, "column": 0 }, "end": { "line": 13, "column": 17 } },
      "5": { "start": { "line": 16, "column": 0 }, "end": { "line": 16, "column": 29 } },
      "6": { "start": { "line": 19, "column": 0 }, "end": { "line": 19, "column": 32 } },
      "7": { "start": { "line": 22, "column": 0 }, "end": { "line": 22, "column": 31 } },
      "8": { "start": { "line": 25, "column": 0 }, "end": { "line": 25, "column": 34 } },
      "9": { "start": { "line": 28, "column": 0 }, "end": { "line": 28, "column": 37 } },
      "10": { "start": { "line": 30, "column": 0 }, "end": { "line": 30, "column": 24 } }
    },
    "fnMap": {},
    "branchMap": {},
    "s": {
      "0": 1,
      "1": 1,
      "2": 1,
      "3": 1,
      "4": 1,
      "5": 1,
      "6": 1,
      "7": 1,
      "8": 1,
      "9": 1,
      "10": 1
    },
    "f": {},
    "b": {},
    "_coverageSchema": "1a1c01bbd47fc00a2c39e90264f33305004495a9",
    "hash": "580a0d58d4c3537f8c5a0cfb9c6feac376021aa8"
  }
}
