TN:
SF:src/config/database.js
FN:3,(anonymous_0)
FNF:1
FNH:1
FNDA:1,(anonymous_0)
DA:1,1
DA:3,1
DA:4,1
DA:5,1
DA:10,0
DA:11,0
DA:13,1
DA:15,1
DA:19,1
LF:9
LH:7
BRF:0
BRH:0
end_of_record
TN:
SF:src/controllers/authController.js
FN:6,(anonymous_0)
FN:17,(anonymous_1)
FN:69,(anonymous_2)
FN:129,(anonymous_3)
FNF:4
FNH:3
FNDA:2,(anonymous_0)
FNDA:2,(anonymous_1)
FNDA:2,(anonymous_2)
FNDA:0,(anonymous_3)
DA:1,1
DA:2,1
DA:3,1
DA:6,1
DA:7,2
DA:17,1
DA:18,2
DA:19,2
DA:20,2
DA:21,1
DA:27,1
DA:30,1
DA:31,1
DA:32,0
DA:39,1
DA:46,1
DA:48,0
DA:62,1
DA:69,1
DA:70,2
DA:71,2
DA:74,2
DA:75,0
DA:82,2
DA:84,2
DA:85,0
DA:92,2
DA:94,2
DA:95,1
DA:102,1
DA:103,1
DA:106,1
DA:108,0
DA:122,1
DA:129,1
DA:130,0
DA:131,0
DA:133,0
DA:146,0
LF:39
LH:30
BRDA:10,0,0,2
BRDA:10,0,1,2
BRDA:20,1,0,1
BRDA:20,1,1,1
BRDA:31,2,0,0
BRDA:31,2,1,1
BRDA:74,3,0,0
BRDA:74,3,1,2
BRDA:74,4,0,2
BRDA:74,4,1,2
BRDA:84,5,0,0
BRDA:84,5,1,2
BRDA:94,6,0,1
BRDA:94,6,1,1
BRF:14
BRH:11
end_of_record
TN:
SF:src/controllers/projectController.js
FN:6,(anonymous_0)
FN:31,(anonymous_1)
FN:46,(anonymous_2)
FN:67,(anonymous_3)
FN:92,(anonymous_4)
FN:106,(anonymous_5)
FN:143,(anonymous_6)
FNF:7
FNH:0
FNDA:0,(anonymous_0)
FNDA:0,(anonymous_1)
FNDA:0,(anonymous_2)
FNDA:0,(anonymous_3)
FNDA:0,(anonymous_4)
FNDA:0,(anonymous_5)
FNDA:0,(anonymous_6)
DA:1,1
DA:6,1
DA:7,0
DA:8,0
DA:18,0
DA:24,0
DA:31,1
DA:32,0
DA:33,0
DA:37,0
DA:38,0
DA:45,0
DA:46,0
DA:48,0
DA:49,0
DA:55,0
DA:60,0
DA:67,1
DA:68,0
DA:69,0
DA:71,0
DA:79,0
DA:85,0
DA:92,1
DA:93,0
DA:94,0
DA:96,0
DA:97,0
DA:104,0
DA:105,0
DA:106,0
DA:109,0
DA:110,0
DA:117,0
DA:119,0
DA:120,0
DA:121,0
DA:122,0
DA:123,0
DA:125,0
DA:126,0
DA:128,0
DA:130,0
DA:136,0
DA:143,1
DA:144,0
DA:145,0
DA:147,0
DA:148,0
DA:155,0
DA:156,0
DA:162,0
DA:164,0
DA:169,0
LF:54
LH:6
BRDA:37,0,0,0
BRDA:37,0,1,0
BRDA:45,1,0,0
BRDA:45,1,1,0
BRDA:48,2,0,0
BRDA:48,2,1,0
BRDA:96,3,0,0
BRDA:96,3,1,0
BRDA:106,4,0,0
BRDA:106,4,1,0
BRDA:109,5,0,0
BRDA:109,5,1,0
BRDA:109,6,0,0
BRDA:109,6,1,0
BRDA:119,7,0,0
BRDA:119,7,1,0
BRDA:120,8,0,0
BRDA:120,8,1,0
BRDA:121,9,0,0
BRDA:121,9,1,0
BRDA:122,10,0,0
BRDA:122,10,1,0
BRDA:123,11,0,0
BRDA:123,11,1,0
BRDA:147,12,0,0
BRDA:147,12,1,0
BRDA:155,13,0,0
BRDA:155,13,1,0
BRF:28
BRH:0
end_of_record
TN:
SF:src/middleware/auth.js
FN:4,(anonymous_0)
FNF:1
FNH:0
FNDA:0,(anonymous_0)
DA:1,1
DA:2,1
DA:4,1
DA:5,0
DA:7,0
DA:9,0
DA:10,0
DA:17,0
DA:20,0
DA:22,0
DA:23,0
DA:30,0
DA:31,0
DA:33,0
DA:34,0
DA:41,1
LF:16
LH:4
BRDA:9,0,0,0
BRDA:9,0,1,0
BRDA:22,1,0,0
BRDA:22,1,1,0
BRDA:22,2,0,0
BRDA:22,2,1,0
BRF:6
BRH:0
end_of_record
TN:
SF:src/middleware/errorHandler.js
FN:1,(anonymous_0)
FN:6,(anonymous_1)
FNF:2
FNH:1
FNDA:2,(anonymous_0)
FNDA:0,(anonymous_1)
DA:1,1
DA:2,2
DA:5,2
DA:6,0
DA:7,0
DA:15,2
DA:16,0
DA:17,0
DA:24,2
DA:25,0
DA:31,2
DA:32,0
DA:39,2
DA:46,1
LF:14
LH:8
BRDA:5,0,0,0
BRDA:5,0,1,2
BRDA:15,1,0,0
BRDA:15,1,1,2
BRDA:24,2,0,0
BRDA:24,2,1,2
BRDA:31,3,0,0
BRDA:31,3,1,2
BRDA:39,4,0,2
BRDA:39,4,1,2
BRDA:41,5,0,2
BRDA:41,5,1,0
BRDA:42,6,0,2
BRDA:42,6,1,0
BRF:14
BRH:8
end_of_record
TN:
SF:src/models/Project.js
FNF:0
FNH:0
DA:1,1
DA:3,1
DA:53,1
DA:54,1
DA:56,1
LF:5
LH:5
BRF:0
BRH:0
end_of_record
TN:
SF:src/models/User.js
FN:40,(anonymous_0)
FN:49,(anonymous_1)
FNF:2
FNH:2
FNDA:2,(anonymous_0)
FNDA:2,(anonymous_1)
DA:1,1
DA:2,1
DA:4,1
DA:40,1
DA:41,2
DA:43,1
DA:44,1
DA:45,1
DA:49,1
DA:50,2
DA:53,1
LF:11
LH:11
BRDA:41,0,0,1
BRDA:41,0,1,1
BRF:2
BRH:2
end_of_record
TN:
SF:src/routes/auth.js
FNF:0
FNH:0
DA:1,1
DA:2,1
DA:3,1
DA:4,1
DA:5,1
DA:8,1
DA:15,1
DA:18,1
DA:20,1
LF:9
LH:9
BRF:0
BRH:0
end_of_record
TN:
SF:src/routes/projects.js
FNF:0
FNH:0
DA:1,1
DA:2,1
DA:9,1
DA:10,1
DA:13,1
DA:16,1
DA:19,1
DA:22,1
DA:25,1
DA:28,1
DA:30,1
LF:11
LH:11
BRF:0
BRH:0
end_of_record
